[ 2017-01-22T11:08:04+08:00 ] ::1 /Hospitalsrms/Application/Home/View/Xshd/__PUBLIC__/bootstrap/js/jquery.js
INFO: [ app_init ] --START--
INFO: Run Behavior\BuildLiteBehavior [ RunTime:0.000000s ]
INFO: [ app_init ] --END-- [ RunTime:0.001000s ]
ERR: 无法加载模块:Application

[ 2017-01-22T11:08:04+08:00 ] ::1 /Hospitalsrms/Application/Home/View/Xshd/__PUBLIC__/bootstrap/css/jquery.datetimepicker.css
INFO: [ app_init ] --START--
INFO: Run Behavior\BuildLiteBehavior [ RunTime:0.000000s ]
INFO: [ app_init ] --END-- [ RunTime:0.001000s ]
ERR: 无法加载模块:Application

[ 2017-01-22T11:08:04+08:00 ] ::1 /Hospitalsrms/Application/Home/View/Xshd/__PUBLIC__/bootstrap/js/jquery.datetimepicker.js
INFO: [ app_init ] --START--
INFO: Run Behavior\BuildLiteBehavior [ RunTime:0.000000s ]
INFO: [ app_init ] --END-- [ RunTime:0.000000s ]
ERR: 无法加载模块:Application

[ 2017-01-22T11:08:04+08:00 ] ::1 /Hospitalsrms/Application/Home/View/Xshd/__PUBLIC__/bootstrap/js/jquery.datetimepicker.js
INFO: [ app_init ] --START--
INFO: Run Behavior\BuildLiteBehavior [ RunTime:0.000000s ]
INFO: [ app_init ] --END-- [ RunTime:0.001001s ]
ERR: 无法加载模块:Application

[ 2017-01-22T11:20:51+08:00 ] ::1 /Hospitalsrms/Application/Home/View/Xshd/__PUBLIC__/bootstrap/css/jquery.datetimepicker.css
INFO: [ app_init ] --START--
INFO: Run Behavior\BuildLiteBehavior [ RunTime:0.000000s ]
INFO: [ app_init ] --END-- [ RunTime:0.001000s ]
ERR: 无法加载模块:Application

[ 2017-01-22T11:21:29+08:00 ] ::1 /Hospitalsrms/Application/Home/View/Xshd/__ROOT__/Pubic/bootstrap/css/jquery.datetimepicker.css
INFO: [ app_init ] --START--
INFO: Run Behavior\BuildLiteBehavior [ RunTime:0.000000s ]
INFO: [ app_init ] --END-- [ RunTime:0.001000s ]
ERR: 无法加载模块:Application

[ 2017-01-22T11:21:48+08:00 ] ::1 /Hospitalsrms/Application/Home/View/Xshd/__ROOT__/Pubic/bootstrap/css/jquery.datetimepicker.css
INFO: [ app_init ] --START--
INFO: Run Behavior\BuildLiteBehavior [ RunTime:0.000000s ]
INFO: [ app_init ] --END-- [ RunTime:0.000000s ]
ERR: 无法加载模块:Application

[ 2017-01-22T11:22:22+08:00 ] ::1 /Hospitalsrms/Application/Home/View/Xshd/__PUBLIC__/bootstrap/css/jquery.datetimepicker.css
INFO: [ app_init ] --START--
INFO: Run Behavior\BuildLiteBehavior [ RunTime:0.000000s ]
INFO: [ app_init ] --END-- [ RunTime:0.001000s ]
ERR: 无法加载模块:Application

[ 2017-01-22T11:22:54+08:00 ] ::1 /Hospitalsrms/Application/Home/View/Xshd/__PUBLIC__/bootstrap/css/jquery.datetimepicker.css
INFO: [ app_init ] --START--
INFO: Run Behavior\BuildLiteBehavior [ RunTime:0.000000s ]
INFO: [ app_init ] --END-- [ RunTime:0.000000s ]
ERR: 无法加载模块:Application

[ 2017-01-22T11:22:54+08:00 ] ::1 /Hospitalsrms/Application/Home/View/Xshd/jquery.datetimepicker.js
INFO: [ app_init ] --START--
INFO: Run Behavior\BuildLiteBehavior [ RunTime:0.000000s ]
INFO: [ app_init ] --END-- [ RunTime:0.001000s ]
ERR: 无法加载模块:Application

[ 2017-01-22T11:22:54+08:00 ] ::1 /Hospitalsrms/Application/Home/View/Xshd/jquery.js
INFO: [ app_init ] --START--
INFO: Run Behavior\BuildLiteBehavior [ RunTime:0.000000s ]
INFO: [ app_init ] --END-- [ RunTime:0.001000s ]
ERR: 无法加载模块:Application

[ 2017-01-22T11:22:54+08:00 ] ::1 /Hospitalsrms/Application/Home/View/Xshd/jquery.datetimepicker.js
INFO: [ app_init ] --START--
INFO: Run Behavior\BuildLiteBehavior [ RunTime:0.000000s ]
INFO: [ app_init ] --END-- [ RunTime:0.000000s ]
ERR: 无法加载模块:Application

[ 2017-01-22T13:30:52+08:00 ] ::1 /Hospitalsrms/Application/Home/Xshd/index.html
INFO: [ app_init ] --START--
INFO: Run Behavior\BuildLiteBehavior [ RunTime:0.000000s ]
INFO: [ app_init ] --END-- [ RunTime:0.001000s ]
ERR: 无法加载模块:Application

