[ 2017-02-10T10:02:22+08:00 ] ::1 /Hospitalsrms/index.php/Admin/Kytj/index.html
INFO: [ app_init ] --START--
INFO: Run Behavior\BuildLiteBehavior [ RunTime:0.000000s ]
INFO: [ app_init ] --END-- [ RunTime:0.000000s ]

[ 2017-02-10T10:02:34+08:00 ] ::1 /Hospitalsrms/index.php/Admin/Kytj/Achievement.html
INFO: [ app_init ] --START--
INFO: Run Behavior\BuildLiteBehavior [ RunTime:0.000000s ]
INFO: [ app_init ] --END-- [ RunTime:0.001000s ]

[ 2017-02-10T10:02:35+08:00 ] ::1 /Hospitalsrms/index.php/Admin/Kytj/index.html
INFO: [ app_init ] --START--
INFO: Run Behavior\BuildLiteBehavior [ RunTime:0.000000s ]
INFO: [ app_init ] --END-- [ RunTime:0.000000s ]

[ 2017-02-10T10:05:20+08:00 ] ::1 /Hospitalsrms/index.php/Admin/Kytj/index.html
INFO: [ app_init ] --START--
INFO: Run Behavior\BuildLiteBehavior [ RunTime:0.000000s ]
INFO: [ app_init ] --END-- [ RunTime:0.001001s ]

[ 2017-02-10T10:05:43+08:00 ] ::1 /Hospitalsrms/index.php/Admin/Kytj/Achievement.html
INFO: [ app_init ] --START--
INFO: Run Behavior\BuildLiteBehavior [ RunTime:0.000000s ]
INFO: [ app_init ] --END-- [ RunTime:0.000000s ]

[ 2017-02-10T10:05:44+08:00 ] ::1 /Hospitalsrms/index.php/Admin/Kytj/Propty.html
INFO: [ app_init ] --START--
INFO: Run Behavior\BuildLiteBehavior [ RunTime:0.000000s ]
INFO: [ app_init ] --END-- [ RunTime:0.001000s ]

[ 2017-02-10T10:05:44+08:00 ] ::1 /Hospitalsrms/index.php/Admin/Kytj/Equipment.html
INFO: [ app_init ] --START--
INFO: Run Behavior\BuildLiteBehavior [ RunTime:0.000000s ]
INFO: [ app_init ] --END-- [ RunTime:0.001000s ]

[ 2017-02-10T10:05:46+08:00 ] ::1 /Hospitalsrms/index.php/Admin/Kytj/index.html
INFO: [ app_init ] --START--
INFO: Run Behavior\BuildLiteBehavior [ RunTime:0.000000s ]
INFO: [ app_init ] --END-- [ RunTime:0.000000s ]

[ 2017-02-10T10:08:16+08:00 ] ::1 /Hospitalsrms/index.php/Admin/Kytj/Achievement.html
INFO: [ app_init ] --START--
INFO: Run Behavior\BuildLiteBehavior [ RunTime:0.000000s ]
INFO: [ app_init ] --END-- [ RunTime:0.001000s ]

[ 2017-02-10T10:08:17+08:00 ] ::1 /Hospitalsrms/index.php/Admin/Kytj/Propty.html
INFO: [ app_init ] --START--
INFO: Run Behavior\BuildLiteBehavior [ RunTime:0.000000s ]
INFO: [ app_init ] --END-- [ RunTime:0.000000s ]

[ 2017-02-10T10:08:19+08:00 ] ::1 /Hospitalsrms/index.php/Admin/Kytj/Equipment.html
INFO: [ app_init ] --START--
INFO: Run Behavior\BuildLiteBehavior [ RunTime:0.000000s ]
INFO: [ app_init ] --END-- [ RunTime:0.000000s ]

[ 2017-02-10T10:35:38+08:00 ] ::1 /Hospitalsrms/index.php/Admin/Kytj/Equipment.html
INFO: [ app_init ] --START--
INFO: Run Behavior\BuildLiteBehavior [ RunTime:0.000000s ]
INFO: [ app_init ] --END-- [ RunTime:0.001000s ]

[ 2017-02-10T10:35:40+08:00 ] ::1 /Hospitalsrms/index.php/Admin/Kyjf/apply.html
INFO: [ app_init ] --START--
INFO: Run Behavior\BuildLiteBehavior [ RunTime:0.000000s ]
INFO: [ app_init ] --END-- [ RunTime:0.001000s ]

[ 2017-02-10T10:35:41+08:00 ] ::1 /Hospitalsrms/index.php/Admin/Kyjf/index.html
INFO: [ app_init ] --START--
INFO: Run Behavior\BuildLiteBehavior [ RunTime:0.000000s ]
INFO: [ app_init ] --END-- [ RunTime:0.001001s ]

[ 2017-02-10T10:35:43+08:00 ] ::1 /Hospitalsrms/index.php/Admin/Xshd/index.html
INFO: [ app_init ] --START--
INFO: Run Behavior\BuildLiteBehavior [ RunTime:0.000000s ]
INFO: [ app_init ] --END-- [ RunTime:0.000000s ]

[ 2017-02-10T10:35:44+08:00 ] ::1 /Hospitalsrms/index.php/Admin/Kyjf/apply.html
INFO: [ app_init ] --START--
INFO: Run Behavior\BuildLiteBehavior [ RunTime:0.000000s ]
INFO: [ app_init ] --END-- [ RunTime:0.000000s ]

[ 2017-02-10T10:36:46+08:00 ] ::1 /Hospitalsrms/index.php/Admin/Xmsb/department.html
INFO: [ app_init ] --START--
INFO: Run Behavior\BuildLiteBehavior [ RunTime:0.000000s ]
INFO: [ app_init ] --END-- [ RunTime:0.001000s ]

[ 2017-02-10T10:36:46+08:00 ] ::1 /Hospitalsrms/index.php/Admin/Xmsb/coller.html
INFO: [ app_init ] --START--
INFO: Run Behavior\BuildLiteBehavior [ RunTime:0.000000s ]
INFO: [ app_init ] --END-- [ RunTime:0.001000s ]

[ 2017-02-10T10:36:48+08:00 ] ::1 /Hospitalsrms/index.php/Admin/Kyjf/index.html
INFO: [ app_init ] --START--
INFO: Run Behavior\BuildLiteBehavior [ RunTime:0.000000s ]
INFO: [ app_init ] --END-- [ RunTime:0.000000s ]

[ 2017-02-10T10:36:49+08:00 ] ::1 /Hospitalsrms/index.php/Admin/Kyjf/apply.html
INFO: [ app_init ] --START--
INFO: Run Behavior\BuildLiteBehavior [ RunTime:0.000000s ]
INFO: [ app_init ] --END-- [ RunTime:0.000000s ]

[ 2017-02-10T10:36:50+08:00 ] ::1 /Hospitalsrms/index.php/Admin/Xshd/index.html
INFO: [ app_init ] --START--
INFO: Run Behavior\BuildLiteBehavior [ RunTime:0.000000s ]
INFO: [ app_init ] --END-- [ RunTime:0.000000s ]

[ 2017-02-10T10:36:51+08:00 ] ::1 /Hospitalsrms/index.php/Admin/Xshd/lecture.html
INFO: [ app_init ] --START--
INFO: Run Behavior\BuildLiteBehavior [ RunTime:0.000000s ]
INFO: [ app_init ] --END-- [ RunTime:0.001000s ]

[ 2017-02-10T10:36:52+08:00 ] ::1 /Hospitalsrms/index.php/Admin/Xshd/composition.html
INFO: [ app_init ] --START--
INFO: Run Behavior\BuildLiteBehavior [ RunTime:0.000000s ]
INFO: [ app_init ] --END-- [ RunTime:0.001000s ]

[ 2017-02-10T10:36:53+08:00 ] ::1 /Hospitalsrms/index.php/Admin/Xshd/composition.html
INFO: [ app_init ] --START--
INFO: Run Behavior\BuildLiteBehavior [ RunTime:0.000000s ]
INFO: [ app_init ] --END-- [ RunTime:0.000000s ]

[ 2017-02-10T11:06:17+08:00 ] ::1 /Hospitalsrms/index.php/Admin/Xshd/composition.html
INFO: [ app_init ] --START--
INFO: Run Behavior\BuildLiteBehavior [ RunTime:0.000000s ]
INFO: [ app_init ] --END-- [ RunTime:0.001000s ]

[ 2017-02-10T15:00:12+08:00 ] ::1 /Hospitalsrms/index.php/Admin/Xshd/composition.html
INFO: [ app_init ] --START--
INFO: Run Behavior\BuildLiteBehavior [ RunTime:0.000000s ]
INFO: [ app_init ] --END-- [ RunTime:0.001000s ]

[ 2017-02-10T15:00:13+08:00 ] ::1 /Hospitalsrms/index.php/Admin/Xshd/lecture.html
INFO: [ app_init ] --START--
INFO: Run Behavior\BuildLiteBehavior [ RunTime:0.000000s ]
INFO: [ app_init ] --END-- [ RunTime:0.000000s ]

[ 2017-02-10T15:00:15+08:00 ] ::1 /Hospitalsrms/index.php/Admin/Kytj/index.html
INFO: [ app_init ] --START--
INFO: Run Behavior\BuildLiteBehavior [ RunTime:0.000000s ]
INFO: [ app_init ] --END-- [ RunTime:0.001000s ]

[ 2017-02-10T16:37:19+08:00 ] ::1 /Hospitalsrms/index.php/Admin/Kytj/Achievement.html
INFO: [ app_init ] --START--
INFO: Run Behavior\BuildLiteBehavior [ RunTime:0.000000s ]
INFO: [ app_init ] --END-- [ RunTime:0.001000s ]

[ 2017-02-10T16:37:20+08:00 ] ::1 /Hospitalsrms/index.php/Admin/Kytj/index.html
INFO: [ app_init ] --START--
INFO: Run Behavior\BuildLiteBehavior [ RunTime:0.000000s ]
INFO: [ app_init ] --END-- [ RunTime:0.001000s ]

